INFO - 2023-06-22 06:45:00 --> Session: Class initialized using 'CodeIgniter\Session\Handlers\FileHandler' driver.
INFO - 2023-06-22 06:45:12 --> Session: Class initialized using 'CodeIgniter\Session\Handlers\FileHandler' driver.
ERROR - 2023-06-22 06:45:39 --> Email: Unable to send email using SMTP. Your server might not be configured to send mail using this method.
ERROR - 2023-06-22 06:45:39 --> 220 smtp.gmail.com ESMTP y10-20020adfe6ca000000b0030fd23381ffsm6286287wrm.11 - gsmtp

hello: 250-smtp.gmail.com at your service, [105.162.23.197]
250-SIZE 35882577
250-8BITMIME
250-AUTH LOGIN PLAIN XOAUTH2 PLAIN-CLIENTTOKEN OAUTHBEARER XOAUTH
250-ENHANCEDSTATUSCODES
250-PIPELINING
250-CHUNKING
250 SMTPUTF8

Failed to authenticate password. Error: 535-5.7.8 Username and Password not accepted. Learn more at
535 5.7.8  https://support.google.com/mail/?p=BadCredentials y10-20020adfe6ca000000b0030fd23381ffsm6286287wrm.11 - gsmtp

INFO - 2023-06-22 06:45:39 --> Session: Class initialized using 'CodeIgniter\Session\Handlers\FileHandler' driver.
INFO - 2023-06-22 06:45:39 --> Session: Class initialized using 'CodeIgniter\Session\Handlers\FileHandler' driver.
INFO - 2023-06-22 06:46:27 --> Session: Class initialized using 'CodeIgniter\Session\Handlers\FileHandler' driver.
INFO - 2023-06-22 06:46:45 --> Session: Class initialized using 'CodeIgniter\Session\Handlers\FileHandler' driver.
INFO - 2023-06-22 06:47:08 --> Session: Class initialized using 'CodeIgniter\Session\Handlers\FileHandler' driver.
INFO - 2023-06-22 06:47:08 --> Session: Class initialized using 'CodeIgniter\Session\Handlers\FileHandler' driver.
INFO - 2023-06-22 08:34:09 --> Session: Class initialized using 'CodeIgniter\Session\Handlers\FileHandler' driver.
INFO - 2023-06-22 08:34:09 --> Session: Class initialized using 'CodeIgniter\Session\Handlers\FileHandler' driver.
INFO - 2023-06-22 09:08:29 --> Session: Class initialized using 'CodeIgniter\Session\Handlers\FileHandler' driver.
INFO - 2023-06-22 09:08:49 --> Session: Class initialized using 'CodeIgniter\Session\Handlers\FileHandler' driver.
INFO - 2023-06-22 09:09:21 --> Session: Class initialized using 'CodeIgniter\Session\Handlers\FileHandler' driver.
INFO - 2023-06-22 09:09:24 --> Session: Class initialized using 'CodeIgniter\Session\Handlers\FileHandler' driver.
ERROR - 2023-06-22 09:09:46 --> Email: Unable to send email using SMTP. Your server might not be configured to send mail using this method.
ERROR - 2023-06-22 09:09:46 --> 220 smtp.gmail.com ESMTP f12-20020a5d58ec000000b00309382eb047sm6473240wrd.112 - gsmtp

hello: 250-smtp.gmail.com at your service, [156.0.233.55]
250-SIZE 35882577
250-8BITMIME
250-AUTH LOGIN PLAIN XOAUTH2 PLAIN-CLIENTTOKEN OAUTHBEARER XOAUTH
250-ENHANCEDSTATUSCODES
250-PIPELINING
250-CHUNKING
250 SMTPUTF8

Failed to authenticate password. Error: 535-5.7.8 Username and Password not accepted. Learn more at
535 5.7.8  https://support.google.com/mail/?p=BadCredentials f12-20020a5d58ec000000b00309382eb047sm6473240wrd.112 - gsmtp

INFO - 2023-06-22 09:09:46 --> Session: Class initialized using 'CodeIgniter\Session\Handlers\FileHandler' driver.
INFO - 2023-06-22 09:09:46 --> Session: Class initialized using 'CodeIgniter\Session\Handlers\FileHandler' driver.
INFO - 2023-06-22 09:10:48 --> Session: Class initialized using 'CodeIgniter\Session\Handlers\FileHandler' driver.
INFO - 2023-06-22 09:10:56 --> Session: Class initialized using 'CodeIgniter\Session\Handlers\FileHandler' driver.
INFO - 2023-06-22 09:10:56 --> Session: Class initialized using 'CodeIgniter\Session\Handlers\FileHandler' driver.
INFO - 2023-06-22 09:11:00 --> Session: Class initialized using 'CodeIgniter\Session\Handlers\FileHandler' driver.
ERROR - 2023-06-22 09:11:06 --> Email: sendWithMail throwed ErrorException: mail(): Failed to connect to mailserver at &quot;localhost&quot; port 25, verify your &quot;SMTP&quot; and &quot;smtp_port&quot; setting in php.ini or use ini_set() in C:\xamppp\htdocs\voting\system\Email\Email.php:1735
Stack trace:
#0 [internal function]: CodeIgniter\Debug\Exceptions->errorHandler(2, 'mail(): Failed ...', 'C:\\xamppp\\htdoc...', 1735)
#1 C:\xamppp\htdocs\voting\system\Email\Email.php(1735): mail('mwelujenny@gmai...', '=?UTF-8?Q?Passw...', 'This is a multi...', 'Date: Thu, 22 J...', '-f pallypolly8@...')
#2 C:\xamppp\htdocs\voting\system\Email\Email.php(1667): CodeIgniter\Email\Email->sendWithMail()
#3 C:\xamppp\htdocs\voting\system\Email\Email.php(1565): CodeIgniter\Email\Email->spoolEmail()
#4 C:\xamppp\htdocs\voting\app\Controllers\Auth.php(257): CodeIgniter\Email\Email->send()
#5 C:\xamppp\htdocs\voting\system\CodeIgniter.php(934): App\Controllers\Auth->send_reset_link()
#6 C:\xamppp\htdocs\voting\system\CodeIgniter.php(499): CodeIgniter\CodeIgniter->runController(Object(App\Controllers\Auth))
#7 C:\xamppp\htdocs\voting\system\CodeIgniter.php(368): CodeIgniter\CodeIgniter->handleRequest(NULL, Object(Config\Cache), false)
#8 C:\xamppp\htdocs\voting\public\index.php(67): CodeIgniter\CodeIgniter->run()
#9 C:\xamppp\htdocs\voting\system\Commands\Server\rewrite.php(47): require_once('C:\\xamppp\\htdoc...')
#10 {main}
ERROR - 2023-06-22 09:11:06 --> Email: Unable to send email using PHP mail(). Your server might not be configured to send mail using this method.
ERROR - 2023-06-22 09:11:06 --> 
INFO - 2023-06-22 09:11:06 --> Session: Class initialized using 'CodeIgniter\Session\Handlers\FileHandler' driver.
INFO - 2023-06-22 09:11:06 --> Session: Class initialized using 'CodeIgniter\Session\Handlers\FileHandler' driver.
INFO - 2023-06-22 09:11:13 --> Session: Class initialized using 'CodeIgniter\Session\Handlers\FileHandler' driver.
INFO - 2023-06-22 09:28:16 --> Session: Class initialized using 'CodeIgniter\Session\Handlers\FileHandler' driver.
ERROR - 2023-06-22 09:28:22 --> Email: sendWithMail throwed ErrorException: mail(): Failed to connect to mailserver at &quot;localhost&quot; port 25, verify your &quot;SMTP&quot; and &quot;smtp_port&quot; setting in php.ini or use ini_set() in C:\xamppp\htdocs\voting\system\Email\Email.php:1735
Stack trace:
#0 [internal function]: CodeIgniter\Debug\Exceptions->errorHandler(2, 'mail(): Failed ...', 'C:\\xamppp\\htdoc...', 1735)
#1 C:\xamppp\htdocs\voting\system\Email\Email.php(1735): mail('mwelujenny@gmai...', '=?UTF-8?Q?Passw...', 'This is a multi...', 'Date: Thu, 22 J...', '-f pallypolly8@...')
#2 C:\xamppp\htdocs\voting\system\Email\Email.php(1667): CodeIgniter\Email\Email->sendWithMail()
#3 C:\xamppp\htdocs\voting\system\Email\Email.php(1565): CodeIgniter\Email\Email->spoolEmail()
#4 C:\xamppp\htdocs\voting\app\Controllers\Auth.php(257): CodeIgniter\Email\Email->send()
#5 C:\xamppp\htdocs\voting\system\CodeIgniter.php(934): App\Controllers\Auth->send_reset_link()
#6 C:\xamppp\htdocs\voting\system\CodeIgniter.php(499): CodeIgniter\CodeIgniter->runController(Object(App\Controllers\Auth))
#7 C:\xamppp\htdocs\voting\system\CodeIgniter.php(368): CodeIgniter\CodeIgniter->handleRequest(NULL, Object(Config\Cache), false)
#8 C:\xamppp\htdocs\voting\public\index.php(67): CodeIgniter\CodeIgniter->run()
#9 C:\xamppp\htdocs\voting\system\Commands\Server\rewrite.php(47): require_once('C:\\xamppp\\htdoc...')
#10 {main}
ERROR - 2023-06-22 09:28:22 --> Email: Unable to send email using PHP mail(). Your server might not be configured to send mail using this method.
ERROR - 2023-06-22 09:28:22 --> 
INFO - 2023-06-22 09:28:22 --> Session: Class initialized using 'CodeIgniter\Session\Handlers\FileHandler' driver.
INFO - 2023-06-22 09:28:22 --> Session: Class initialized using 'CodeIgniter\Session\Handlers\FileHandler' driver.
INFO - 2023-06-22 09:28:31 --> Session: Class initialized using 'CodeIgniter\Session\Handlers\FileHandler' driver.
INFO - 2023-06-22 09:28:40 --> Session: Class initialized using 'CodeIgniter\Session\Handlers\FileHandler' driver.
ERROR - 2023-06-22 09:28:47 --> Email: sendWithMail throwed ErrorException: mail(): Failed to connect to mailserver at &quot;localhost&quot; port 25, verify your &quot;SMTP&quot; and &quot;smtp_port&quot; setting in php.ini or use ini_set() in C:\xamppp\htdocs\voting\system\Email\Email.php:1735
Stack trace:
#0 [internal function]: CodeIgniter\Debug\Exceptions->errorHandler(2, 'mail(): Failed ...', 'C:\\xamppp\\htdoc...', 1735)
#1 C:\xamppp\htdocs\voting\system\Email\Email.php(1735): mail('mwelujenny@gmai...', '=?UTF-8?Q?Passw...', 'This is a multi...', 'Date: Thu, 22 J...', '-f pallypolly8@...')
#2 C:\xamppp\htdocs\voting\system\Email\Email.php(1667): CodeIgniter\Email\Email->sendWithMail()
#3 C:\xamppp\htdocs\voting\system\Email\Email.php(1565): CodeIgniter\Email\Email->spoolEmail()
#4 C:\xamppp\htdocs\voting\app\Controllers\Auth.php(257): CodeIgniter\Email\Email->send()
#5 C:\xamppp\htdocs\voting\system\CodeIgniter.php(934): App\Controllers\Auth->send_reset_link()
#6 C:\xamppp\htdocs\voting\system\CodeIgniter.php(499): CodeIgniter\CodeIgniter->runController(Object(App\Controllers\Auth))
#7 C:\xamppp\htdocs\voting\system\CodeIgniter.php(368): CodeIgniter\CodeIgniter->handleRequest(NULL, Object(Config\Cache), false)
#8 C:\xamppp\htdocs\voting\public\index.php(67): CodeIgniter\CodeIgniter->run()
#9 C:\xamppp\htdocs\voting\system\Commands\Server\rewrite.php(47): require_once('C:\\xamppp\\htdoc...')
#10 {main}
ERROR - 2023-06-22 09:28:47 --> Email: Unable to send email using PHP mail(). Your server might not be configured to send mail using this method.
ERROR - 2023-06-22 09:28:47 --> 
INFO - 2023-06-22 09:28:47 --> Session: Class initialized using 'CodeIgniter\Session\Handlers\FileHandler' driver.
INFO - 2023-06-22 09:28:47 --> Session: Class initialized using 'CodeIgniter\Session\Handlers\FileHandler' driver.
INFO - 2023-06-22 09:28:55 --> Session: Class initialized using 'CodeIgniter\Session\Handlers\FileHandler' driver.
INFO - 2023-06-22 09:29:05 --> Session: Class initialized using 'CodeIgniter\Session\Handlers\FileHandler' driver.
INFO - 2023-06-22 09:29:19 --> Session: Class initialized using 'CodeIgniter\Session\Handlers\FileHandler' driver.
INFO - 2023-06-22 09:29:20 --> Session: Class initialized using 'CodeIgniter\Session\Handlers\FileHandler' driver.
INFO - 2023-06-22 09:29:42 --> Session: Class initialized using 'CodeIgniter\Session\Handlers\FileHandler' driver.
INFO - 2023-06-22 09:29:42 --> Session: Class initialized using 'CodeIgniter\Session\Handlers\FileHandler' driver.
INFO - 2023-06-22 09:29:45 --> Session: Class initialized using 'CodeIgniter\Session\Handlers\FileHandler' driver.
INFO - 2023-06-22 09:29:49 --> Session: Class initialized using 'CodeIgniter\Session\Handlers\FileHandler' driver.
INFO - 2023-06-22 09:29:58 --> Session: Class initialized using 'CodeIgniter\Session\Handlers\FileHandler' driver.
INFO - 2023-06-22 09:30:05 --> Session: Class initialized using 'CodeIgniter\Session\Handlers\FileHandler' driver.
INFO - 2023-06-22 09:30:05 --> Session: Class initialized using 'CodeIgniter\Session\Handlers\FileHandler' driver.
INFO - 2023-06-22 09:34:13 --> Session: Class initialized using 'CodeIgniter\Session\Handlers\FileHandler' driver.
